2025-09-26 14:16:07,817 INFO wikipedia_client: Language set to ru
2025-09-26 14:18:05,383 ERROR ui: Unexpected error while fetching random page
Traceback (most recent call last):
  File "c:\Users\admin\Desktop\rw\ui.py", line 74, in _action_random
    page = self.client.get_random_page()
  File "c:\Users\admin\Desktop\rw\wikipedia_client.py", line 58, in get_random_page
    page = self._with_retries(_get)
  File "c:\Users\admin\Desktop\rw\wikipedia_client.py", line 40, in _with_retries
    return fn(*args, **kwargs)
  File "c:\Users\admin\Desktop\rw\wikipedia_client.py", line 54, in _get
    page = wikipedia.page(title, auto_suggest=False, preload=True, redirect=True)
  File "C:\Users\admin\AppData\Local\Programs\Python\Python313\Lib\site-packages\wikipedia\wikipedia.py", line 276, in page
    return WikipediaPage(title, redirect=redirect, preload=preload)
  File "C:\Users\admin\AppData\Local\Programs\Python\Python313\Lib\site-packages\wikipedia\wikipedia.py", line 303, in __init__
    getattr(self, prop)
    ~~~~~~~^^^^^^^^^^^^
  File "C:\Users\admin\AppData\Local\Programs\Python\Python313\Lib\site-packages\wikipedia\wikipedia.py", line 590, in references
    for link in self.__continued_query({
                ~~~~~~~~~~~~~~~~~~~~~~^^
      'prop': 'extlinks',
      ^^^^^^^^^^^^^^^^^^^
      'ellimit': 'max'
      ^^^^^^^^^^^^^^^^
    })
    ^^
  File "C:\Users\admin\AppData\Local\Programs\Python\Python313\Lib\site-packages\wikipedia\wikipedia.py", line 423, in __continued_query
    for datum in pages[self.pageid][prop]:
                 ~~~~~~~~~~~~~~~~~~^^^^^^
KeyError: 'extlinks'
2025-09-26 14:21:40,433 INFO wikipedia_client: Language set to ru
2025-09-26 14:27:43,042 INFO wikipedia_client: Language set to ru
2025-09-26 14:33:07,392 INFO wikipedia_client: Language set to en
2025-09-26 14:33:45,448 WARNING wikipedia_client: Attempt 1/3 failed: "Чёрное зеркало" may refer to: 
Чёрное зеркало
The Black Mirror
The Black Mirror
The Black Mirror 2
The Black Mirror III
Black Mirror
Black Mirror. Retrying in 0.68s
2025-09-26 14:35:00,160 INFO wikipedia_client: Language set to ru
